0 info it worked if it ends with ok
1 verbose cli [ '/usr/bin/nodejs',
1 verbose cli   '/usr/bin/npm',
1 verbose cli   'install',
1 verbose cli   '--prefix',
1 verbose cli   '/home/pablo/Escritorio/repositorio',
1 verbose cli   'final/Sistema-de-Proyecci-n',
1 verbose cli   '--loglevel',
1 verbose cli   'error',
1 verbose cli   'browserify@latest' ]
2 info using npm@2.15.9
3 info using node@v4.6.1
4 verbose install initial load of /home/pablo/Escritorio/repositorio/package.json
5 verbose readDependencies loading dependencies from /home/pablo/Escritorio/repositorio/package.json
6 silly cache add args [ 'final/Sistema-de-Proyecci-n', null ]
7 verbose cache add spec final/Sistema-de-Proyecci-n
8 silly cache add args [ 'browserify@latest', null ]
9 verbose cache add spec browserify@latest
10 silly cache add parsed spec Result {
10 silly cache add   raw: 'final/Sistema-de-Proyecci-n',
10 silly cache add   scope: null,
10 silly cache add   name: null,
10 silly cache add   rawSpec: 'final/Sistema-de-Proyecci-n',
10 silly cache add   spec: 'github:final/Sistema-de-Proyecci-n',
10 silly cache add   type: 'hosted',
10 silly cache add   hosted:
10 silly cache add    { type: 'github',
10 silly cache add      ssh: 'git@github.com:final/Sistema-de-Proyecci-n.git',
10 silly cache add      sshUrl: 'git+ssh://git@github.com/final/Sistema-de-Proyecci-n.git',
10 silly cache add      httpsUrl: 'git+https://github.com/final/Sistema-de-Proyecci-n.git',
10 silly cache add      gitUrl: 'git://github.com/final/Sistema-de-Proyecci-n.git',
10 silly cache add      shortcut: 'github:final/Sistema-de-Proyecci-n',
10 silly cache add      directUrl: 'https://raw.githubusercontent.com/final/Sistema-de-Proyecci-n/master/package.json' } }
11 verbose addRemoteGit caching final/Sistema-de-Proyecci-n
12 verbose addRemoteGit final/Sistema-de-Proyecci-n is a repository hosted by github
13 silly tryGitProto attempting to clone git://github.com/final/Sistema-de-Proyecci-n.git
14 silly tryClone cloning final/Sistema-de-Proyecci-n via git://github.com/final/Sistema-de-Proyecci-n.git
15 verbose tryClone git-github-com-final-Sistema-de-Proyecci-n-git-e93cbb8a not in flight; caching
16 verbose correctMkdir /root/.npm/_git-remotes correctMkdir not in flight; initializing
17 silly cache add parsed spec Result {
17 silly cache add   raw: 'browserify@latest',
17 silly cache add   scope: null,
17 silly cache add   name: 'browserify',
17 silly cache add   rawSpec: 'latest',
17 silly cache add   spec: 'latest',
17 silly cache add   type: 'tag' }
18 silly addNamed browserify@latest
19 verbose addNamed "latest" is being treated as a dist-tag for browserify
20 info addNameTag [ 'browserify', 'latest' ]
21 silly mapToRegistry name browserify
22 silly mapToRegistry using default registry
23 silly mapToRegistry registry https://registry.npmjs.org/
24 silly mapToRegistry data Result {
24 silly mapToRegistry   raw: 'browserify',
24 silly mapToRegistry   scope: null,
24 silly mapToRegistry   name: 'browserify',
24 silly mapToRegistry   rawSpec: '',
24 silly mapToRegistry   spec: 'latest',
24 silly mapToRegistry   type: 'tag' }
25 silly mapToRegistry uri https://registry.npmjs.org/browserify
26 verbose addNameTag registry:https://registry.npmjs.org/browserify not in flight; fetching
27 verbose makeDirectory /root/.npm/_git-remotes creation not in flight; initializing
28 silly makeDirectory /root/.npm/_git-remotes uid: 0 gid: 0
29 verbose request uri https://registry.npmjs.org/browserify
30 verbose request no auth needed
31 info attempt registry request try #1 at 00:35:22
32 verbose request id b741931abcd4aeba
33 http request GET https://registry.npmjs.org/browserify
34 info git [ 'clone',
34 info git   '--template=/root/.npm/_git-remotes/_templates',
34 info git   '--mirror',
34 info git   'git://github.com/final/Sistema-de-Proyecci-n.git',
34 info git   '/root/.npm/_git-remotes/git-github-com-final-Sistema-de-Proyecci-n-git-e93cbb8a' ]
35 http 200 https://registry.npmjs.org/browserify
36 verbose headers { server: 'nginx/1.10.1',
36 verbose headers   'content-type': 'application/json',
36 verbose headers   'last-modified': 'Sun, 27 Nov 2016 02:54:46 GMT',
36 verbose headers   etag: 'W/"583a4af6-d4b1e"',
36 verbose headers   'content-encoding': 'gzip',
36 verbose headers   'cache-control': 'max-age=300',
36 verbose headers   'content-length': '50804',
36 verbose headers   'accept-ranges': 'bytes',
36 verbose headers   date: 'Mon, 28 Nov 2016 03:35:23 GMT',
36 verbose headers   via: '1.1 varnish',
36 verbose headers   age: '153',
36 verbose headers   connection: 'keep-alive',
36 verbose headers   'x-served-by': 'cache-gru7122-GRU',
36 verbose headers   'x-cache': 'HIT',
36 verbose headers   'x-cache-hits': '6',
36 verbose headers   'x-timer': 'S1480304123.415705,VS0,VE0',
36 verbose headers   vary: 'Accept-Encoding' }
37 silly get cb [ 200,
37 silly get   { server: 'nginx/1.10.1',
37 silly get     'content-type': 'application/json',
37 silly get     'last-modified': 'Sun, 27 Nov 2016 02:54:46 GMT',
37 silly get     etag: 'W/"583a4af6-d4b1e"',
37 silly get     'content-encoding': 'gzip',
37 silly get     'cache-control': 'max-age=300',
37 silly get     'content-length': '50804',
37 silly get     'accept-ranges': 'bytes',
37 silly get     date: 'Mon, 28 Nov 2016 03:35:23 GMT',
37 silly get     via: '1.1 varnish',
37 silly get     age: '153',
37 silly get     connection: 'keep-alive',
37 silly get     'x-served-by': 'cache-gru7122-GRU',
37 silly get     'x-cache': 'HIT',
37 silly get     'x-cache-hits': '6',
37 silly get     'x-timer': 'S1480304123.415705,VS0,VE0',
37 silly get     vary: 'Accept-Encoding' } ]
38 verbose get saving browserify to /root/.npm/registry.npmjs.org/browserify/.cache.json
39 verbose correctMkdir /root/.npm correctMkdir not in flight; initializing
40 silly addNameTag next cb for browserify with tag latest
41 silly addNamed browserify@13.1.1
42 verbose addNamed "13.1.1" is a plain semver version for browserify
43 silly mapToRegistry name browserify
44 silly mapToRegistry using default registry
45 silly mapToRegistry registry https://registry.npmjs.org/
46 silly mapToRegistry data Result {
46 silly mapToRegistry   raw: 'browserify',
46 silly mapToRegistry   scope: null,
46 silly mapToRegistry   name: 'browserify',
46 silly mapToRegistry   rawSpec: '',
46 silly mapToRegistry   spec: 'latest',
46 silly mapToRegistry   type: 'tag' }
47 silly mapToRegistry uri https://registry.npmjs.org/browserify
48 verbose addRemoteTarball https://registry.npmjs.org/browserify/-/browserify-13.1.1.tgz not in flight; adding
49 verbose addRemoteTarball [ 'https://registry.npmjs.org/browserify/-/browserify-13.1.1.tgz',
49 verbose addRemoteTarball   '72a2310e2f706ed87db929cf0ee73a5e195d9bb0' ]
50 info retry fetch attempt 1 at 00:35:23
51 info attempt registry request try #1 at 00:35:23
52 http fetch GET https://registry.npmjs.org/browserify/-/browserify-13.1.1.tgz
53 http fetch 200 https://registry.npmjs.org/browserify/-/browserify-13.1.1.tgz
54 silly fetchAndShaCheck shasum 72a2310e2f706ed87db929cf0ee73a5e195d9bb0
55 verbose addTmpTarball /tmp/npm-18729-a6b70dab/registry.npmjs.org/browserify/-/browserify-13.1.1.tgz not in flight; adding
56 verbose addTmpTarball already have metadata; skipping unpack for browserify@13.1.1
57 verbose correctMkdir /root/.npm correctMkdir not in flight; initializing
58 silly cache afterAdd browserify@13.1.1
59 verbose afterAdd /root/.npm/browserify/13.1.1/package/package.json not in flight; writing
60 verbose correctMkdir /root/.npm correctMkdir not in flight; initializing
61 verbose afterAdd /root/.npm/browserify/13.1.1/package/package.json written
62 verbose git clone --template=/root/.npm/_git-remotes/_templates --mirror git://github.com/final/Sistema-de-Proyecci-n.git /root/.npm/_git-remotes/git-github-com-final-Sistema-de-Proyecci-n-git-e93cbb8a: Cloning into bare repository '/root/.npm/_git-remotes/git-github-com-final-Sistema-de-Proyecci-n-git-e93cbb8a'...
62 verbose git clone --template=/root/.npm/_git-remotes/_templates --mirror git://github.com/final/Sistema-de-Proyecci-n.git /root/.npm/_git-remotes/git-github-com-final-Sistema-de-Proyecci-n-git-e93cbb8a: fatal: remote error:
62 verbose git clone --template=/root/.npm/_git-remotes/_templates --mirror git://github.com/final/Sistema-de-Proyecci-n.git /root/.npm/_git-remotes/git-github-com-final-Sistema-de-Proyecci-n-git-e93cbb8a:   Repository not found.
63 silly tryHTTPS attempting to clone git+https://github.com/final/Sistema-de-Proyecci-n.git
64 silly tryClone cloning final/Sistema-de-Proyecci-n via git+https://github.com/final/Sistema-de-Proyecci-n.git
65 verbose tryClone https-github-com-final-Sistema-de-Proyecci-n-git-d1df7749 not in flight; caching
66 verbose correctMkdir /root/.npm/_git-remotes correctMkdir not in flight; initializing
67 info git [ 'clone',
67 info git   '--template=/root/.npm/_git-remotes/_templates',
67 info git   '--mirror',
67 info git   'https://github.com/final/Sistema-de-Proyecci-n.git',
67 info git   '/root/.npm/_git-remotes/https-github-com-final-Sistema-de-Proyecci-n-git-d1df7749' ]
68 verbose git clone --template=/root/.npm/_git-remotes/_templates --mirror https://github.com/final/Sistema-de-Proyecci-n.git /root/.npm/_git-remotes/https-github-com-final-Sistema-de-Proyecci-n-git-d1df7749: Cloning into bare repository '/root/.npm/_git-remotes/https-github-com-final-Sistema-de-Proyecci-n-git-d1df7749'...
68 verbose git clone --template=/root/.npm/_git-remotes/_templates --mirror https://github.com/final/Sistema-de-Proyecci-n.git /root/.npm/_git-remotes/https-github-com-final-Sistema-de-Proyecci-n-git-d1df7749: remote: Invalid username or password.
68 verbose git clone --template=/root/.npm/_git-remotes/_templates --mirror https://github.com/final/Sistema-de-Proyecci-n.git /root/.npm/_git-remotes/https-github-com-final-Sistema-de-Proyecci-n-git-d1df7749: fatal: Authentication failed for 'https://github.com/final/Sistema-de-Proyecci-n.git/'
69 silly trySSH attempting to clone git@github.com:final/Sistema-de-Proyecci-n.git
70 silly tryClone cloning final/Sistema-de-Proyecci-n via git@github.com:final/Sistema-de-Proyecci-n.git
71 verbose tryClone git-github-com-final-Sistema-de-Proyecci-n-git-9e933c20 not in flight; caching
72 verbose correctMkdir /root/.npm/_git-remotes correctMkdir not in flight; initializing
73 info git [ 'clone',
73 info git   '--template=/root/.npm/_git-remotes/_templates',
73 info git   '--mirror',
73 info git   'git@github.com:final/Sistema-de-Proyecci-n.git',
73 info git   '/root/.npm/_git-remotes/git-github-com-final-Sistema-de-Proyecci-n-git-9e933c20' ]
74 error git clone --template=/root/.npm/_git-remotes/_templates --mirror git@github.com:final/Sistema-de-Proyecci-n.git /root/.npm/_git-remotes/git-github-com-final-Sistema-de-Proyecci-n-git-9e933c20: Cloning into bare repository '/root/.npm/_git-remotes/git-github-com-final-Sistema-de-Proyecci-n-git-9e933c20'...
74 error git clone --template=/root/.npm/_git-remotes/_templates --mirror git@github.com:final/Sistema-de-Proyecci-n.git /root/.npm/_git-remotes/git-github-com-final-Sistema-de-Proyecci-n-git-9e933c20: Warning: Permanently added 'github.com,192.30.253.113' (RSA) to the list of known hosts.
74 error git clone --template=/root/.npm/_git-remotes/_templates --mirror git@github.com:final/Sistema-de-Proyecci-n.git /root/.npm/_git-remotes/git-github-com-final-Sistema-de-Proyecci-n-git-9e933c20: ERROR: Repository not found.
74 error git clone --template=/root/.npm/_git-remotes/_templates --mirror git@github.com:final/Sistema-de-Proyecci-n.git /root/.npm/_git-remotes/git-github-com-final-Sistema-de-Proyecci-n-git-9e933c20: fatal: Could not read from remote repository.
74 error git clone --template=/root/.npm/_git-remotes/_templates --mirror git@github.com:final/Sistema-de-Proyecci-n.git /root/.npm/_git-remotes/git-github-com-final-Sistema-de-Proyecci-n-git-9e933c20:
74 error git clone --template=/root/.npm/_git-remotes/_templates --mirror git@github.com:final/Sistema-de-Proyecci-n.git /root/.npm/_git-remotes/git-github-com-final-Sistema-de-Proyecci-n-git-9e933c20: Please make sure you have the correct access rights
74 error git clone --template=/root/.npm/_git-remotes/_templates --mirror git@github.com:final/Sistema-de-Proyecci-n.git /root/.npm/_git-remotes/git-github-com-final-Sistema-de-Proyecci-n-git-9e933c20: and the repository exists.
75 verbose stack Error: Command failed: git clone --template=/root/.npm/_git-remotes/_templates --mirror git@github.com:final/Sistema-de-Proyecci-n.git /root/.npm/_git-remotes/git-github-com-final-Sistema-de-Proyecci-n-git-9e933c20
75 verbose stack Cloning into bare repository '/root/.npm/_git-remotes/git-github-com-final-Sistema-de-Proyecci-n-git-9e933c20'...
75 verbose stack Warning: Permanently added 'github.com,192.30.253.113' (RSA) to the list of known hosts.
75 verbose stack ERROR: Repository not found.
75 verbose stack fatal: Could not read from remote repository.
75 verbose stack
75 verbose stack Please make sure you have the correct access rights
75 verbose stack and the repository exists.
75 verbose stack
75 verbose stack     at ChildProcess.exithandler (child_process.js:213:12)
75 verbose stack     at emitTwo (events.js:87:13)
75 verbose stack     at ChildProcess.emit (events.js:172:7)
75 verbose stack     at maybeClose (internal/child_process.js:829:16)
75 verbose stack     at Process.ChildProcess._handle.onexit (internal/child_process.js:211:5)
76 verbose cwd /home/pablo/Escritorio/repositorio final/Sistema-de-Proyecci-n
77 error Linux 4.4.0-21-generic
78 error argv "/usr/bin/nodejs" "/usr/bin/npm" "install" "--prefix" "/home/pablo/Escritorio/repositorio" "final/Sistema-de-Proyecci-n" "--loglevel" "error" "browserify@latest"
79 error node v4.6.1
80 error npm  v2.15.9
81 error code 128
82 error Command failed: git clone --template=/root/.npm/_git-remotes/_templates --mirror git@github.com:final/Sistema-de-Proyecci-n.git /root/.npm/_git-remotes/git-github-com-final-Sistema-de-Proyecci-n-git-9e933c20
82 error Cloning into bare repository '/root/.npm/_git-remotes/git-github-com-final-Sistema-de-Proyecci-n-git-9e933c20'...
82 error Warning: Permanently added 'github.com,192.30.253.113' (RSA) to the list of known hosts.
82 error ERROR: Repository not found.
82 error fatal: Could not read from remote repository.
82 error
82 error Please make sure you have the correct access rights
82 error and the repository exists.
83 error If you need help, you may report this error at:
83 error     <https://github.com/npm/npm/issues>
84 verbose exit [ 1, true ]
